[INFO ] 2020-04-19 10:11:23.790 [main] Order - OrderItem successfully created for table 1!
[INFO ] 2020-04-19 10:11:23.790 [main] Order - OrderItem successfully created for table 1!
[INFO ] 2020-04-19 10:11:23.790 [main] Order - OrderItem successfully created for table 1!
[INFO ] 2020-04-19 10:11:23.790 [main] Order - OrderItem successfully created for table 1!
[DEBUG] 2020-04-19 10:11:24.575 [main] Table - Table 1 successfully cleared
[DEBUG] 2020-04-19 10:11:24.575 [main] Table - Table 1 successfully cleared
[INFO ] 2020-04-19 10:12:16.491 [main] Cafe - Cafe successfully initialized. 
[INFO ] 2020-04-19 10:12:16.491 [main] Cafe - Cafe successfully initialized. 
[INFO ] 2020-04-19 10:12:16.542 [main] Cafe - Cafe successfully initialized. 
[INFO ] 2020-04-19 10:12:16.542 [main] Cafe - Cafe successfully initialized. 
[INFO ] 2020-04-19 10:12:16.589 [main] Cafe - Cafe successfully initialized. 
[INFO ] 2020-04-19 10:12:16.589 [main] Cafe - Cafe successfully initialized. 
[INFO ] 2020-04-19 10:12:16.589 [main] Cafe - Wouter Peters successfully logged on!
[INFO ] 2020-04-19 10:12:16.589 [main] Cafe - Wouter Peters successfully logged on!
[INFO ] 2020-04-19 10:12:16.589 [main] Cafe - Login failed! There is already another user logged on!
[INFO ] 2020-04-19 10:12:16.589 [main] Cafe - Login failed! There is already another user logged on!
[INFO ] 2020-04-19 10:12:16.589 [main] Cafe - Wouter Peters successfully logged off!
[INFO ] 2020-04-19 10:12:16.589 [main] Cafe - Wouter Peters successfully logged off!
[ERROR] 2020-04-19 10:12:16.589 [main] Cafe - Error logging in. Combination of username and password not found!
[ERROR] 2020-04-19 10:12:16.589 [main] Cafe - Error logging in. Combination of username and password not found!
[INFO ] 2020-04-19 10:12:16.626 [main] Cafe - Cafe successfully initialized. 
[INFO ] 2020-04-19 10:12:16.626 [main] Cafe - Cafe successfully initialized. 
[INFO ] 2020-04-19 10:12:16.626 [main] Cafe - Wouter Peters successfully logged on!
[INFO ] 2020-04-19 10:12:16.626 [main] Cafe - Wouter Peters successfully logged on!
[INFO ] 2020-04-19 10:12:16.626 [main] Cafe - Wouter Peters successfully assigned to Table 7!
[INFO ] 2020-04-19 10:12:16.626 [main] Cafe - Wouter Peters successfully assigned to Table 7!
[INFO ] 2020-04-19 10:12:16.626 [main] Cafe - Wouter Peters successfully logged off!
[INFO ] 2020-04-19 10:12:16.626 [main] Cafe - Wouter Peters successfully logged off!
[INFO ] 2020-04-19 10:12:16.626 [main] Cafe - Nathan Segers successfully logged on!
[INFO ] 2020-04-19 10:12:16.626 [main] Cafe - Nathan Segers successfully logged on!
[ERROR] 2020-04-19 10:12:16.626 [main] Cafe - There is already another waiter assigned to Table 7!
[ERROR] 2020-04-19 10:12:16.626 [main] Cafe - There is already another waiter assigned to Table 7!
[INFO ] 2020-04-19 10:12:16.673 [main] Cafe - Cafe successfully initialized. 
[INFO ] 2020-04-19 10:12:16.673 [main] Cafe - Cafe successfully initialized. 
[INFO ] 2020-04-19 10:12:16.704 [main] Cafe - Cafe successfully initialized. 
[INFO ] 2020-04-19 10:12:16.704 [main] Cafe - Cafe successfully initialized. 
[INFO ] 2020-04-19 10:12:16.744 [main] Cafe - Cafe successfully initialized. 
[INFO ] 2020-04-19 10:12:16.744 [main] Cafe - Cafe successfully initialized. 
[INFO ] 2020-04-19 10:12:16.744 [main] Cafe - Wout Peters successfully logged on!
[INFO ] 2020-04-19 10:12:16.744 [main] Cafe - Wout Peters successfully logged on!
[INFO ] 2020-04-19 10:12:16.760 [main] Cafe - Wout Peters successfully assigned to Table 7!
[INFO ] 2020-04-19 10:12:16.760 [main] Cafe - Wout Peters successfully assigned to Table 7!
[INFO ] 2020-04-19 10:12:16.760 [main] Order - OrderItem successfully created for table 7!
[INFO ] 2020-04-19 10:12:16.760 [main] Order - OrderItem successfully created for table 7!
[INFO ] 2020-04-19 10:12:16.760 [main] Cafe - Table 7 order successfully created by Wout Peters!
[INFO ] 2020-04-19 10:12:16.760 [main] Cafe - Table 7 order successfully created by Wout Peters!
[INFO ] 2020-04-19 10:12:16.760 [main] Order - OrderItem successfully updated for table 7!
[INFO ] 2020-04-19 10:12:16.760 [main] Order - OrderItem successfully updated for table 7!
[INFO ] 2020-04-19 10:12:16.760 [main] Cafe - Table 7 order successfully updated by Wout Peters!
[INFO ] 2020-04-19 10:12:16.760 [main] Cafe - Table 7 order successfully updated by Wout Peters!
[INFO ] 2020-04-19 10:12:16.774 [main] Order - OrderItem successfully updated for table 7!
[INFO ] 2020-04-19 10:12:16.774 [main] Order - OrderItem successfully updated for table 7!
[INFO ] 2020-04-19 10:12:16.774 [main] Cafe - Table 7 order successfully removed by Wout Peters!
[INFO ] 2020-04-19 10:12:16.774 [main] Cafe - Table 7 order successfully removed by Wout Peters!
[INFO ] 2020-04-19 10:12:16.774 [main] Order - OrderItem successfully created for table 7!
[INFO ] 2020-04-19 10:12:16.774 [main] Order - OrderItem successfully created for table 7!
[INFO ] 2020-04-19 10:12:16.774 [main] Cafe - Table 7 order successfully updated by Wout Peters!
[INFO ] 2020-04-19 10:12:16.774 [main] Cafe - Table 7 order successfully updated by Wout Peters!
[INFO ] 2020-04-19 10:12:16.774 [main] Cafe - Wout Peters successfully logged off!
[INFO ] 2020-04-19 10:12:16.774 [main] Cafe - Wout Peters successfully logged off!
[INFO ] 2020-04-19 10:12:16.774 [main] Cafe - Nathan Segers successfully logged on!
[INFO ] 2020-04-19 10:12:16.774 [main] Cafe - Nathan Segers successfully logged on!
[ERROR] 2020-04-19 10:12:16.774 [main] Cafe - Error placing order on table 7 Other waiter assigned to this table!
[ERROR] 2020-04-19 10:12:16.774 [main] Cafe - Error placing order on table 7 Other waiter assigned to this table!
[ERROR] 2020-04-19 10:12:16.774 [main] Cafe - Error removing order on table 7 Other waiter assigned to this table!
[ERROR] 2020-04-19 10:12:16.774 [main] Cafe - Error removing order on table 7 Other waiter assigned to this table!
[ERROR] 2020-04-19 10:12:16.774 [main] Cafe - Error paying bill Table 7. Other waiter assigned to this table!
[ERROR] 2020-04-19 10:12:16.774 [main] Cafe - Error paying bill Table 7. Other waiter assigned to this table!
[INFO ] 2020-04-19 10:12:16.774 [main] Cafe - Nathan Segers successfully logged off!
[INFO ] 2020-04-19 10:12:16.774 [main] Cafe - Nathan Segers successfully logged off!
[INFO ] 2020-04-19 10:12:16.774 [main] Cafe - Wout Peters successfully logged on!
[INFO ] 2020-04-19 10:12:16.774 [main] Cafe - Wout Peters successfully logged on!
[DEBUG] 2020-04-19 10:12:16.790 [main] Table - Table 7 successfully cleared
[DEBUG] 2020-04-19 10:12:16.790 [main] Table - Table 7 successfully cleared
[INFO ] 2020-04-19 10:12:16.790 [main] Cafe - Table 7 successfully payed the bill !
[INFO ] 2020-04-19 10:12:16.790 [main] Cafe - Table 7 successfully payed the bill !
[INFO ] 2020-04-19 10:12:16.827 [main] Cafe - Cafe successfully initialized. 
[INFO ] 2020-04-19 10:12:16.827 [main] Cafe - Cafe successfully initialized. 
[INFO ] 2020-04-19 10:12:16.927 [main] Order - OrderItem successfully created for table 1!
[INFO ] 2020-04-19 10:12:16.927 [main] Order - OrderItem successfully created for table 1!
[INFO ] 2020-04-19 10:12:16.927 [main] Order - OrderItem successfully created for table 1!
[INFO ] 2020-04-19 10:12:16.927 [main] Order - OrderItem successfully created for table 1!
[DEBUG] 2020-04-19 10:12:16.947 [main] Table - Table 1 successfully cleared
[DEBUG] 2020-04-19 10:12:16.947 [main] Table - Table 1 successfully cleared
[INFO ] 2020-04-19 10:12:17.575 [main] Order - OrderItem successfully created for table 0!
[INFO ] 2020-04-19 10:12:17.575 [main] Order - OrderItem successfully created for table 0!
[INFO ] 2020-04-19 10:12:17.575 [main] Order - OrderItem successfully created for table 0!
[INFO ] 2020-04-19 10:12:17.575 [main] Order - OrderItem successfully created for table 0!
[INFO ] 2020-04-19 10:12:17.575 [main] Order - OrderItem successfully updated for table 0!
[INFO ] 2020-04-19 10:12:17.575 [main] Order - OrderItem successfully updated for table 0!
[INFO ] 2020-04-19 10:12:17.575 [main] Order - OrderItem successfully created for table 0!
[INFO ] 2020-04-19 10:12:17.575 [main] Order - OrderItem successfully created for table 0!
[INFO ] 2020-04-19 10:12:17.575 [main] Order - OrderItem successfully created for table 0!
[INFO ] 2020-04-19 10:12:17.575 [main] Order - OrderItem successfully created for table 0!
[INFO ] 2020-04-19 10:12:17.575 [main] Order - OrderItem successfully updated for table 0!
[INFO ] 2020-04-19 10:12:17.575 [main] Order - OrderItem successfully updated for table 0!
[INFO ] 2020-04-19 10:12:17.575 [main] Order - OrderItem successfully created for table 0!
[INFO ] 2020-04-19 10:12:17.575 [main] Order - OrderItem successfully created for table 0!
[INFO ] 2020-04-19 10:12:17.575 [main] Order - OrderItem successfully updated for table 0!
[INFO ] 2020-04-19 10:12:17.575 [main] Order - OrderItem successfully updated for table 0!
[ERROR] 2020-04-19 10:12:17.575 [main] Order - No such amount of  be.hogent.model.Beverage@726a6b94 found!
[ERROR] 2020-04-19 10:12:17.575 [main] Order - No such amount of  be.hogent.model.Beverage@726a6b94 found!
[INFO ] 2020-04-19 11:23:18.948 [main] Cafe - Cafe successfully initialized. 
[INFO ] 2020-04-19 11:23:18.948 [main] Cafe - Cafe successfully initialized. 
[INFO ] 2020-04-19 11:23:18.989 [main] Cafe - Cafe successfully initialized. 
[INFO ] 2020-04-19 11:23:18.989 [main] Cafe - Cafe successfully initialized. 
[INFO ] 2020-04-19 11:23:19.037 [main] Cafe - Cafe successfully initialized. 
[INFO ] 2020-04-19 11:23:19.037 [main] Cafe - Cafe successfully initialized. 
[INFO ] 2020-04-19 11:23:19.038 [main] Cafe - Wouter Peters successfully logged on!
[INFO ] 2020-04-19 11:23:19.038 [main] Cafe - Wouter Peters successfully logged on!
[INFO ] 2020-04-19 11:23:19.039 [main] Cafe - Login failed! There is already another user logged on!
[INFO ] 2020-04-19 11:23:19.039 [main] Cafe - Login failed! There is already another user logged on!
[INFO ] 2020-04-19 11:23:19.039 [main] Cafe - Wouter Peters successfully logged off!
[INFO ] 2020-04-19 11:23:19.039 [main] Cafe - Wouter Peters successfully logged off!
[ERROR] 2020-04-19 11:23:19.039 [main] Cafe - Error logging in. Combination of username and password not found!
[ERROR] 2020-04-19 11:23:19.039 [main] Cafe - Error logging in. Combination of username and password not found!
[INFO ] 2020-04-19 11:23:19.081 [main] Cafe - Cafe successfully initialized. 
[INFO ] 2020-04-19 11:23:19.081 [main] Cafe - Cafe successfully initialized. 
[INFO ] 2020-04-19 11:23:19.083 [main] Cafe - Wouter Peters successfully logged on!
[INFO ] 2020-04-19 11:23:19.083 [main] Cafe - Wouter Peters successfully logged on!
[INFO ] 2020-04-19 11:23:19.085 [main] Cafe - Wouter Peters successfully assigned to Table 7!
[INFO ] 2020-04-19 11:23:19.085 [main] Cafe - Wouter Peters successfully assigned to Table 7!
[INFO ] 2020-04-19 11:23:19.085 [main] Cafe - Wouter Peters successfully logged off!
[INFO ] 2020-04-19 11:23:19.085 [main] Cafe - Wouter Peters successfully logged off!
[INFO ] 2020-04-19 11:23:19.085 [main] Cafe - Nathan Segers successfully logged on!
[INFO ] 2020-04-19 11:23:19.085 [main] Cafe - Nathan Segers successfully logged on!
[ERROR] 2020-04-19 11:23:19.086 [main] Cafe - There is already another waiter assigned to Table 7!
[ERROR] 2020-04-19 11:23:19.086 [main] Cafe - There is already another waiter assigned to Table 7!
[INFO ] 2020-04-19 11:23:19.125 [main] Cafe - Cafe successfully initialized. 
[INFO ] 2020-04-19 11:23:19.125 [main] Cafe - Cafe successfully initialized. 
[INFO ] 2020-04-19 11:23:19.171 [main] Cafe - Cafe successfully initialized. 
[INFO ] 2020-04-19 11:23:19.171 [main] Cafe - Cafe successfully initialized. 
[INFO ] 2020-04-19 11:23:19.210 [main] Cafe - Cafe successfully initialized. 
[INFO ] 2020-04-19 11:23:19.210 [main] Cafe - Cafe successfully initialized. 
[INFO ] 2020-04-19 11:23:19.210 [main] Cafe - Wout Peters successfully logged on!
[INFO ] 2020-04-19 11:23:19.210 [main] Cafe - Wout Peters successfully logged on!
[INFO ] 2020-04-19 11:23:19.224 [main] Cafe - Wout Peters successfully assigned to Table 7!
[INFO ] 2020-04-19 11:23:19.224 [main] Cafe - Wout Peters successfully assigned to Table 7!
[INFO ] 2020-04-19 11:23:19.227 [main] Order - OrderItem successfully created for table 7!
[INFO ] 2020-04-19 11:23:19.227 [main] Order - OrderItem successfully created for table 7!
[INFO ] 2020-04-19 11:23:19.227 [main] Cafe - Table 7 order successfully created by Wout Peters!
[INFO ] 2020-04-19 11:23:19.227 [main] Cafe - Table 7 order successfully created by Wout Peters!
[INFO ] 2020-04-19 11:23:19.227 [main] Order - OrderItem successfully updated for table 7!
[INFO ] 2020-04-19 11:23:19.227 [main] Order - OrderItem successfully updated for table 7!
[INFO ] 2020-04-19 11:23:19.227 [main] Cafe - Table 7 order successfully updated by Wout Peters!
[INFO ] 2020-04-19 11:23:19.227 [main] Cafe - Table 7 order successfully updated by Wout Peters!
[INFO ] 2020-04-19 11:23:19.231 [main] Order - OrderItem successfully updated for table 7!
[INFO ] 2020-04-19 11:23:19.231 [main] Order - OrderItem successfully updated for table 7!
[INFO ] 2020-04-19 11:23:19.231 [main] Cafe - Table 7 order successfully removed by Wout Peters!
[INFO ] 2020-04-19 11:23:19.231 [main] Cafe - Table 7 order successfully removed by Wout Peters!
[INFO ] 2020-04-19 11:23:19.231 [main] Order - OrderItem successfully created for table 7!
[INFO ] 2020-04-19 11:23:19.231 [main] Order - OrderItem successfully created for table 7!
[INFO ] 2020-04-19 11:23:19.231 [main] Cafe - Table 7 order successfully updated by Wout Peters!
[INFO ] 2020-04-19 11:23:19.231 [main] Cafe - Table 7 order successfully updated by Wout Peters!
[INFO ] 2020-04-19 11:23:19.231 [main] Cafe - Wout Peters successfully logged off!
[INFO ] 2020-04-19 11:23:19.231 [main] Cafe - Wout Peters successfully logged off!
[INFO ] 2020-04-19 11:23:19.231 [main] Cafe - Nathan Segers successfully logged on!
[INFO ] 2020-04-19 11:23:19.231 [main] Cafe - Nathan Segers successfully logged on!
[ERROR] 2020-04-19 11:23:19.231 [main] Cafe - Error placing order on table 7 Other waiter assigned to this table!
[ERROR] 2020-04-19 11:23:19.231 [main] Cafe - Error placing order on table 7 Other waiter assigned to this table!
[ERROR] 2020-04-19 11:23:19.232 [main] Cafe - Error removing order on table 7 Other waiter assigned to this table!
[ERROR] 2020-04-19 11:23:19.232 [main] Cafe - Error removing order on table 7 Other waiter assigned to this table!
[ERROR] 2020-04-19 11:23:19.232 [main] Cafe - Error paying bill Table 7. Other waiter assigned to this table!
[ERROR] 2020-04-19 11:23:19.232 [main] Cafe - Error paying bill Table 7. Other waiter assigned to this table!
[INFO ] 2020-04-19 11:23:19.232 [main] Cafe - Nathan Segers successfully logged off!
[INFO ] 2020-04-19 11:23:19.232 [main] Cafe - Nathan Segers successfully logged off!
[INFO ] 2020-04-19 11:23:19.232 [main] Cafe - Wout Peters successfully logged on!
[INFO ] 2020-04-19 11:23:19.232 [main] Cafe - Wout Peters successfully logged on!
[DEBUG] 2020-04-19 11:23:19.249 [main] Table - Table 7 successfully cleared
[DEBUG] 2020-04-19 11:23:19.249 [main] Table - Table 7 successfully cleared
[INFO ] 2020-04-19 11:23:19.249 [main] Cafe - Table 7 successfully payed the bill !
[INFO ] 2020-04-19 11:23:19.249 [main] Cafe - Table 7 successfully payed the bill !
[INFO ] 2020-04-19 11:23:19.288 [main] Cafe - Cafe successfully initialized. 
[INFO ] 2020-04-19 11:23:19.288 [main] Cafe - Cafe successfully initialized. 
[INFO ] 2020-04-19 11:23:20.006 [main] Order - OrderItem successfully created for table 1!
[INFO ] 2020-04-19 11:23:20.006 [main] Order - OrderItem successfully created for table 1!
[INFO ] 2020-04-19 11:23:20.006 [main] Order - OrderItem successfully created for table 1!
[INFO ] 2020-04-19 11:23:20.006 [main] Order - OrderItem successfully created for table 1!
[DEBUG] 2020-04-19 11:23:20.028 [main] Table - Table 1 successfully cleared
[DEBUG] 2020-04-19 11:23:20.028 [main] Table - Table 1 successfully cleared
[INFO ] 2020-04-19 11:23:20.625 [main] Order - OrderItem successfully created for table 0!
[INFO ] 2020-04-19 11:23:20.625 [main] Order - OrderItem successfully created for table 0!
[INFO ] 2020-04-19 11:23:20.625 [main] Order - OrderItem successfully created for table 0!
[INFO ] 2020-04-19 11:23:20.625 [main] Order - OrderItem successfully created for table 0!
[INFO ] 2020-04-19 11:23:20.625 [main] Order - OrderItem successfully updated for table 0!
[INFO ] 2020-04-19 11:23:20.625 [main] Order - OrderItem successfully updated for table 0!
[INFO ] 2020-04-19 11:23:20.626 [main] Order - OrderItem successfully created for table 0!
[INFO ] 2020-04-19 11:23:20.626 [main] Order - OrderItem successfully created for table 0!
[INFO ] 2020-04-19 11:23:20.626 [main] Order - OrderItem successfully created for table 0!
[INFO ] 2020-04-19 11:23:20.626 [main] Order - OrderItem successfully created for table 0!
[INFO ] 2020-04-19 11:23:20.627 [main] Order - OrderItem successfully updated for table 0!
[INFO ] 2020-04-19 11:23:20.627 [main] Order - OrderItem successfully updated for table 0!
[INFO ] 2020-04-19 11:23:20.627 [main] Order - OrderItem successfully created for table 0!
[INFO ] 2020-04-19 11:23:20.627 [main] Order - OrderItem successfully created for table 0!
[INFO ] 2020-04-19 11:23:20.627 [main] Order - OrderItem successfully updated for table 0!
[INFO ] 2020-04-19 11:23:20.627 [main] Order - OrderItem successfully updated for table 0!
[ERROR] 2020-04-19 11:23:20.628 [main] Order - No such amount of  be.hogent.model.Beverage@847f3e7 found!
[ERROR] 2020-04-19 11:23:20.628 [main] Order - No such amount of  be.hogent.model.Beverage@847f3e7 found!
[INFO ] 2020-04-19 11:24:33.150 [main] Cafe - Cafe successfully initialized. 
[INFO ] 2020-04-19 11:24:33.150 [main] Cafe - Cafe successfully initialized. 
[INFO ] 2020-04-19 11:24:33.195 [main] Cafe - Cafe successfully initialized. 
[INFO ] 2020-04-19 11:24:33.195 [main] Cafe - Cafe successfully initialized. 
[INFO ] 2020-04-19 11:24:33.236 [main] Cafe - Cafe successfully initialized. 
[INFO ] 2020-04-19 11:24:33.236 [main] Cafe - Cafe successfully initialized. 
[INFO ] 2020-04-19 11:24:33.237 [main] Cafe - Wouter Peters successfully logged on!
[INFO ] 2020-04-19 11:24:33.237 [main] Cafe - Wouter Peters successfully logged on!
[INFO ] 2020-04-19 11:24:33.238 [main] Cafe - Login failed! There is already another user logged on!
[INFO ] 2020-04-19 11:24:33.238 [main] Cafe - Login failed! There is already another user logged on!
[INFO ] 2020-04-19 11:24:33.239 [main] Cafe - Wouter Peters successfully logged off!
[INFO ] 2020-04-19 11:24:33.239 [main] Cafe - Wouter Peters successfully logged off!
[ERROR] 2020-04-19 11:24:33.239 [main] Cafe - Error logging in. Combination of username and password not found!
[ERROR] 2020-04-19 11:24:33.239 [main] Cafe - Error logging in. Combination of username and password not found!
[INFO ] 2020-04-19 11:24:33.284 [main] Cafe - Cafe successfully initialized. 
[INFO ] 2020-04-19 11:24:33.284 [main] Cafe - Cafe successfully initialized. 
[INFO ] 2020-04-19 11:24:33.284 [main] Cafe - Wouter Peters successfully logged on!
[INFO ] 2020-04-19 11:24:33.284 [main] Cafe - Wouter Peters successfully logged on!
[INFO ] 2020-04-19 11:24:33.286 [main] Cafe - Wouter Peters successfully assigned to Table 7!
[INFO ] 2020-04-19 11:24:33.286 [main] Cafe - Wouter Peters successfully assigned to Table 7!
[INFO ] 2020-04-19 11:24:33.286 [main] Cafe - Wouter Peters successfully logged off!
[INFO ] 2020-04-19 11:24:33.286 [main] Cafe - Wouter Peters successfully logged off!
[INFO ] 2020-04-19 11:24:33.286 [main] Cafe - Nathan Segers successfully logged on!
[INFO ] 2020-04-19 11:24:33.286 [main] Cafe - Nathan Segers successfully logged on!
[ERROR] 2020-04-19 11:24:33.287 [main] Cafe - There is already another waiter assigned to Table 7!
[ERROR] 2020-04-19 11:24:33.287 [main] Cafe - There is already another waiter assigned to Table 7!
[INFO ] 2020-04-19 11:24:33.325 [main] Cafe - Cafe successfully initialized. 
[INFO ] 2020-04-19 11:24:33.325 [main] Cafe - Cafe successfully initialized. 
[INFO ] 2020-04-19 11:24:33.364 [main] Cafe - Cafe successfully initialized. 
[INFO ] 2020-04-19 11:24:33.364 [main] Cafe - Cafe successfully initialized. 
[INFO ] 2020-04-19 11:24:33.401 [main] Cafe - Cafe successfully initialized. 
[INFO ] 2020-04-19 11:24:33.401 [main] Cafe - Cafe successfully initialized. 
[INFO ] 2020-04-19 11:24:33.402 [main] Cafe - Wout Peters successfully logged on!
[INFO ] 2020-04-19 11:24:33.402 [main] Cafe - Wout Peters successfully logged on!
[INFO ] 2020-04-19 11:24:33.413 [main] Cafe - Wout Peters successfully assigned to Table 7!
[INFO ] 2020-04-19 11:24:33.413 [main] Cafe - Wout Peters successfully assigned to Table 7!
[INFO ] 2020-04-19 11:24:33.416 [main] Order - OrderItem successfully created for table 7!
[INFO ] 2020-04-19 11:24:33.416 [main] Order - OrderItem successfully created for table 7!
[INFO ] 2020-04-19 11:24:33.416 [main] Cafe - Table 7 order successfully created by Wout Peters!
[INFO ] 2020-04-19 11:24:33.416 [main] Cafe - Table 7 order successfully created by Wout Peters!
[INFO ] 2020-04-19 11:24:33.416 [main] Order - OrderItem successfully updated for table 7!
[INFO ] 2020-04-19 11:24:33.416 [main] Order - OrderItem successfully updated for table 7!
[INFO ] 2020-04-19 11:24:33.416 [main] Cafe - Table 7 order successfully updated by Wout Peters!
[INFO ] 2020-04-19 11:24:33.416 [main] Cafe - Table 7 order successfully updated by Wout Peters!
[INFO ] 2020-04-19 11:24:33.420 [main] Order - OrderItem successfully updated for table 7!
[INFO ] 2020-04-19 11:24:33.420 [main] Order - OrderItem successfully updated for table 7!
[INFO ] 2020-04-19 11:24:33.420 [main] Cafe - Table 7 order successfully removed by Wout Peters!
[INFO ] 2020-04-19 11:24:33.420 [main] Cafe - Table 7 order successfully removed by Wout Peters!
[INFO ] 2020-04-19 11:24:33.420 [main] Order - OrderItem successfully created for table 7!
[INFO ] 2020-04-19 11:24:33.420 [main] Order - OrderItem successfully created for table 7!
[INFO ] 2020-04-19 11:24:33.420 [main] Cafe - Table 7 order successfully updated by Wout Peters!
[INFO ] 2020-04-19 11:24:33.420 [main] Cafe - Table 7 order successfully updated by Wout Peters!
[INFO ] 2020-04-19 11:24:33.420 [main] Cafe - Wout Peters successfully logged off!
[INFO ] 2020-04-19 11:24:33.420 [main] Cafe - Wout Peters successfully logged off!
[INFO ] 2020-04-19 11:24:33.420 [main] Cafe - Nathan Segers successfully logged on!
[INFO ] 2020-04-19 11:24:33.420 [main] Cafe - Nathan Segers successfully logged on!
[ERROR] 2020-04-19 11:24:33.420 [main] Cafe - Error placing order on table 7 Other waiter assigned to this table!
[ERROR] 2020-04-19 11:24:33.420 [main] Cafe - Error placing order on table 7 Other waiter assigned to this table!
[ERROR] 2020-04-19 11:24:33.420 [main] Cafe - Error removing order on table 7 Other waiter assigned to this table!
[ERROR] 2020-04-19 11:24:33.420 [main] Cafe - Error removing order on table 7 Other waiter assigned to this table!
[ERROR] 2020-04-19 11:24:33.421 [main] Cafe - Error paying bill Table 7. Other waiter assigned to this table!
[ERROR] 2020-04-19 11:24:33.421 [main] Cafe - Error paying bill Table 7. Other waiter assigned to this table!
[INFO ] 2020-04-19 11:24:33.421 [main] Cafe - Nathan Segers successfully logged off!
[INFO ] 2020-04-19 11:24:33.421 [main] Cafe - Nathan Segers successfully logged off!
[INFO ] 2020-04-19 11:24:33.421 [main] Cafe - Wout Peters successfully logged on!
[INFO ] 2020-04-19 11:24:33.421 [main] Cafe - Wout Peters successfully logged on!
[DEBUG] 2020-04-19 11:24:33.442 [main] Table - Table 7 successfully cleared
[DEBUG] 2020-04-19 11:24:33.442 [main] Table - Table 7 successfully cleared
[INFO ] 2020-04-19 11:24:33.442 [main] Cafe - Table 7 successfully payed the bill !
[INFO ] 2020-04-19 11:24:33.442 [main] Cafe - Table 7 successfully payed the bill !
[INFO ] 2020-04-19 11:24:33.483 [main] Cafe - Cafe successfully initialized. 
[INFO ] 2020-04-19 11:24:33.483 [main] Cafe - Cafe successfully initialized. 
[INFO ] 2020-04-19 11:24:34.203 [main] Order - OrderItem successfully created for table 1!
[INFO ] 2020-04-19 11:24:34.203 [main] Order - OrderItem successfully created for table 1!
[INFO ] 2020-04-19 11:24:34.203 [main] Order - OrderItem successfully created for table 1!
[INFO ] 2020-04-19 11:24:34.203 [main] Order - OrderItem successfully created for table 1!
[DEBUG] 2020-04-19 11:24:34.217 [main] Table - Table 1 successfully cleared
[DEBUG] 2020-04-19 11:24:34.217 [main] Table - Table 1 successfully cleared
[INFO ] 2020-04-19 11:24:34.814 [main] Order - OrderItem successfully created for table 0!
[INFO ] 2020-04-19 11:24:34.814 [main] Order - OrderItem successfully created for table 0!
[INFO ] 2020-04-19 11:24:34.814 [main] Order - OrderItem successfully created for table 0!
[INFO ] 2020-04-19 11:24:34.814 [main] Order - OrderItem successfully created for table 0!
[INFO ] 2020-04-19 11:24:34.814 [main] Order - OrderItem successfully updated for table 0!
[INFO ] 2020-04-19 11:24:34.814 [main] Order - OrderItem successfully updated for table 0!
[INFO ] 2020-04-19 11:24:34.815 [main] Order - OrderItem successfully created for table 0!
[INFO ] 2020-04-19 11:24:34.815 [main] Order - OrderItem successfully created for table 0!
[INFO ] 2020-04-19 11:24:34.815 [main] Order - OrderItem successfully created for table 0!
[INFO ] 2020-04-19 11:24:34.815 [main] Order - OrderItem successfully created for table 0!
[INFO ] 2020-04-19 11:24:34.815 [main] Order - OrderItem successfully updated for table 0!
[INFO ] 2020-04-19 11:24:34.815 [main] Order - OrderItem successfully updated for table 0!
[INFO ] 2020-04-19 11:24:34.816 [main] Order - OrderItem successfully created for table 0!
[INFO ] 2020-04-19 11:24:34.816 [main] Order - OrderItem successfully created for table 0!
[INFO ] 2020-04-19 11:24:34.816 [main] Order - OrderItem successfully updated for table 0!
[INFO ] 2020-04-19 11:24:34.816 [main] Order - OrderItem successfully updated for table 0!
[ERROR] 2020-04-19 11:24:34.816 [main] Order - No such amount of  be.hogent.model.Beverage@4a03bb68 found!
[ERROR] 2020-04-19 11:24:34.816 [main] Order - No such amount of  be.hogent.model.Beverage@4a03bb68 found!
[ERROR] 2020-04-19 12:22:58.268 [main] PDFReport - error creating pdf file
[ERROR] 2020-04-19 12:22:58.268 [main] PDFReport - error creating pdf file
[INFO ] 2020-04-19 12:39:34.103 [main] PDFReport - pdf successfully created!
[INFO ] 2020-04-19 12:39:34.103 [main] PDFReport - pdf successfully created!
[ERROR] 2020-04-19 12:42:47.865 [main] PDFReport - error creating pdf file
[ERROR] 2020-04-19 12:42:47.865 [main] PDFReport - error creating pdf file
[INFO ] 2020-04-19 12:43:36.540 [main] PDFReport - pdf successfully created!
[INFO ] 2020-04-19 12:43:36.540 [main] PDFReport - pdf successfully created!
[INFO ] 2020-04-19 12:46:40.158 [main] PDFReport - pdf successfully created!
[INFO ] 2020-04-19 12:46:40.158 [main] PDFReport - pdf successfully created!
[INFO ] 2020-04-19 12:47:44.468 [main] PDFReport - pdf successfully created!
[INFO ] 2020-04-19 12:47:44.468 [main] PDFReport - pdf successfully created!
[INFO ] 2020-04-19 12:57:00.070 [main] PDFReport - pdf successfully created!
[INFO ] 2020-04-19 12:57:00.070 [main] PDFReport - pdf successfully created!
[INFO ] 2020-04-19 13:00:08.937 [main] PDFReport - pdf successfully created!
[INFO ] 2020-04-19 13:00:08.937 [main] PDFReport - pdf successfully created!
