[INFO ] 2020-04-19 10:11:24.560 [main] OrderDAOImpl - Order added successfully!
[INFO ] 2020-04-19 10:11:24.575 [main] OrderDAOImpl - Order added successfully!
[INFO ] 2020-04-19 10:11:25.477 [main] OrderDAOImpl - Orders successfully loaded from database
[INFO ] 2020-04-19 10:11:25.493 [main] OrderDAOImpl - 10 order deleted
[INFO ] 2020-04-19 10:12:16.442 [main] WaiterDAOImpl - Waiters successfully loaded from database
[INFO ] 2020-04-19 10:12:16.475 [main] BeverageDAOImpl - Beverages successfully loaded from database
[INFO ] 2020-04-19 10:12:16.491 [main] OrderDAOImpl - Last ordernr loaded from database
[INFO ] 2020-04-19 10:12:16.522 [main] WaiterDAOImpl - Waiters successfully loaded from database
[INFO ] 2020-04-19 10:12:16.526 [main] BeverageDAOImpl - Beverages successfully loaded from database
[INFO ] 2020-04-19 10:12:16.542 [main] OrderDAOImpl - Last ordernr loaded from database
[INFO ] 2020-04-19 10:12:16.557 [main] WaiterDAOImpl - Waiters successfully loaded from database
[INFO ] 2020-04-19 10:12:16.573 [main] BeverageDAOImpl - Beverages successfully loaded from database
[INFO ] 2020-04-19 10:12:16.589 [main] OrderDAOImpl - Last ordernr loaded from database
[INFO ] 2020-04-19 10:12:16.604 [main] WaiterDAOImpl - Waiters successfully loaded from database
[INFO ] 2020-04-19 10:12:16.620 [main] BeverageDAOImpl - Beverages successfully loaded from database
[INFO ] 2020-04-19 10:12:16.626 [main] OrderDAOImpl - Last ordernr loaded from database
[INFO ] 2020-04-19 10:12:16.642 [main] WaiterDAOImpl - Waiters successfully loaded from database
[INFO ] 2020-04-19 10:12:16.658 [main] BeverageDAOImpl - Beverages successfully loaded from database
[INFO ] 2020-04-19 10:12:16.673 [main] OrderDAOImpl - Last ordernr loaded from database
[INFO ] 2020-04-19 10:12:16.673 [main] WaiterDAOImpl - Waiters successfully loaded from database
[INFO ] 2020-04-19 10:12:16.689 [main] BeverageDAOImpl - Beverages successfully loaded from database
[INFO ] 2020-04-19 10:12:16.704 [main] OrderDAOImpl - Last ordernr loaded from database
[INFO ] 2020-04-19 10:12:16.727 [main] WaiterDAOImpl - Waiters successfully loaded from database
[INFO ] 2020-04-19 10:12:16.742 [main] BeverageDAOImpl - Beverages successfully loaded from database
[INFO ] 2020-04-19 10:12:16.744 [main] OrderDAOImpl - Last ordernr loaded from database
[INFO ] 2020-04-19 10:12:16.790 [main] OrderDAOImpl - Order added successfully!
[INFO ] 2020-04-19 10:12:16.790 [main] OrderDAOImpl - Order added successfully!
[INFO ] 2020-04-19 10:12:16.805 [main] WaiterDAOImpl - Waiters successfully loaded from database
[INFO ] 2020-04-19 10:12:16.821 [main] BeverageDAOImpl - Beverages successfully loaded from database
[INFO ] 2020-04-19 10:12:16.827 [main] OrderDAOImpl - Last ordernr loaded from database
[INFO ] 2020-04-19 10:12:16.873 [main] BeverageDAOImpl - Beverages successfully loaded from database
[INFO ] 2020-04-19 10:12:16.947 [main] OrderDAOImpl - Order added successfully!
[INFO ] 2020-04-19 10:12:16.947 [main] OrderDAOImpl - Order added successfully!
[INFO ] 2020-04-19 10:12:17.543 [main] OrderDAOImpl - Orders successfully loaded from database
[INFO ] 2020-04-19 10:12:17.559 [main] OrderDAOImpl - 2 order deleted
[INFO ] 2020-04-19 10:12:17.559 [main] WaiterDAOImpl - Waiters successfully loaded from database
[INFO ] 2020-04-19 11:22:44.707 [main] OrderDAOImpl - Waiters successfully loaded from database
[INFO ] 2020-04-19 11:23:18.891 [main] WaiterDAOImpl - Waiters successfully loaded from database
[INFO ] 2020-04-19 11:23:18.918 [main] BeverageDAOImpl - Beverages successfully loaded from database
[INFO ] 2020-04-19 11:23:18.947 [main] OrderDAOImpl - Last ordernr loaded from database
[INFO ] 2020-04-19 11:23:18.963 [main] WaiterDAOImpl - Waiters successfully loaded from database
[INFO ] 2020-04-19 11:23:18.976 [main] BeverageDAOImpl - Beverages successfully loaded from database
[INFO ] 2020-04-19 11:23:18.989 [main] OrderDAOImpl - Last ordernr loaded from database
[INFO ] 2020-04-19 11:23:19.003 [main] WaiterDAOImpl - Waiters successfully loaded from database
[INFO ] 2020-04-19 11:23:19.020 [main] BeverageDAOImpl - Beverages successfully loaded from database
[INFO ] 2020-04-19 11:23:19.036 [main] OrderDAOImpl - Last ordernr loaded from database
[INFO ] 2020-04-19 11:23:19.052 [main] WaiterDAOImpl - Waiters successfully loaded from database
[INFO ] 2020-04-19 11:23:19.065 [main] BeverageDAOImpl - Beverages successfully loaded from database
[INFO ] 2020-04-19 11:23:19.080 [main] OrderDAOImpl - Last ordernr loaded from database
[INFO ] 2020-04-19 11:23:19.099 [main] WaiterDAOImpl - Waiters successfully loaded from database
[INFO ] 2020-04-19 11:23:19.110 [main] BeverageDAOImpl - Beverages successfully loaded from database
[INFO ] 2020-04-19 11:23:19.125 [main] OrderDAOImpl - Last ordernr loaded from database
[INFO ] 2020-04-19 11:23:19.140 [main] WaiterDAOImpl - Waiters successfully loaded from database
[INFO ] 2020-04-19 11:23:19.157 [main] BeverageDAOImpl - Beverages successfully loaded from database
[INFO ] 2020-04-19 11:23:19.171 [main] OrderDAOImpl - Last ordernr loaded from database
[INFO ] 2020-04-19 11:23:19.184 [main] WaiterDAOImpl - Waiters successfully loaded from database
[INFO ] 2020-04-19 11:23:19.196 [main] BeverageDAOImpl - Beverages successfully loaded from database
[INFO ] 2020-04-19 11:23:19.210 [main] OrderDAOImpl - Last ordernr loaded from database
[INFO ] 2020-04-19 11:23:19.246 [main] OrderDAOImpl - Order added successfully!
[INFO ] 2020-04-19 11:23:19.249 [main] OrderDAOImpl - Order added successfully!
[INFO ] 2020-04-19 11:23:19.261 [main] WaiterDAOImpl - Waiters successfully loaded from database
[INFO ] 2020-04-19 11:23:19.273 [main] BeverageDAOImpl - Beverages successfully loaded from database
[INFO ] 2020-04-19 11:23:19.287 [main] OrderDAOImpl - Last ordernr loaded from database
[INFO ] 2020-04-19 11:23:19.323 [main] BeverageDAOImpl - Beverages successfully loaded from database
[INFO ] 2020-04-19 11:23:20.004 [main] OrderDAOImpl - Waiters successfully loaded from database
[INFO ] 2020-04-19 11:23:20.025 [main] OrderDAOImpl - Order added successfully!
[INFO ] 2020-04-19 11:23:20.027 [main] OrderDAOImpl - Order added successfully!
[INFO ] 2020-04-19 11:23:20.598 [main] OrderDAOImpl - Orders successfully loaded from database
[INFO ] 2020-04-19 11:23:20.609 [main] OrderDAOImpl - 2 order deleted
[INFO ] 2020-04-19 11:23:20.618 [main] WaiterDAOImpl - Waiters successfully loaded from database
[INFO ] 2020-04-19 11:24:33.098 [main] WaiterDAOImpl - Waiters successfully loaded from database
[INFO ] 2020-04-19 11:24:33.122 [main] BeverageDAOImpl - Beverages successfully loaded from database
[INFO ] 2020-04-19 11:24:33.149 [main] OrderDAOImpl - Last ordernr loaded from database
[INFO ] 2020-04-19 11:24:33.166 [main] WaiterDAOImpl - Waiters successfully loaded from database
[INFO ] 2020-04-19 11:24:33.179 [main] BeverageDAOImpl - Beverages successfully loaded from database
[INFO ] 2020-04-19 11:24:33.195 [main] OrderDAOImpl - Last ordernr loaded from database
[INFO ] 2020-04-19 11:24:33.208 [main] WaiterDAOImpl - Waiters successfully loaded from database
[INFO ] 2020-04-19 11:24:33.222 [main] BeverageDAOImpl - Beverages successfully loaded from database
[INFO ] 2020-04-19 11:24:33.236 [main] OrderDAOImpl - Last ordernr loaded from database
[INFO ] 2020-04-19 11:24:33.254 [main] WaiterDAOImpl - Waiters successfully loaded from database
[INFO ] 2020-04-19 11:24:33.268 [main] BeverageDAOImpl - Beverages successfully loaded from database
[INFO ] 2020-04-19 11:24:33.283 [main] OrderDAOImpl - Last ordernr loaded from database
[INFO ] 2020-04-19 11:24:33.299 [main] WaiterDAOImpl - Waiters successfully loaded from database
[INFO ] 2020-04-19 11:24:33.311 [main] BeverageDAOImpl - Beverages successfully loaded from database
[INFO ] 2020-04-19 11:24:33.325 [main] OrderDAOImpl - Last ordernr loaded from database
[INFO ] 2020-04-19 11:24:33.341 [main] WaiterDAOImpl - Waiters successfully loaded from database
[INFO ] 2020-04-19 11:24:33.352 [main] BeverageDAOImpl - Beverages successfully loaded from database
[INFO ] 2020-04-19 11:24:33.363 [main] OrderDAOImpl - Last ordernr loaded from database
[INFO ] 2020-04-19 11:24:33.374 [main] WaiterDAOImpl - Waiters successfully loaded from database
[INFO ] 2020-04-19 11:24:33.387 [main] BeverageDAOImpl - Beverages successfully loaded from database
[INFO ] 2020-04-19 11:24:33.401 [main] OrderDAOImpl - Last ordernr loaded from database
[INFO ] 2020-04-19 11:24:33.439 [main] OrderDAOImpl - Order added successfully!
[INFO ] 2020-04-19 11:24:33.441 [main] OrderDAOImpl - Order added successfully!
[INFO ] 2020-04-19 11:24:33.458 [main] WaiterDAOImpl - Waiters successfully loaded from database
[INFO ] 2020-04-19 11:24:33.471 [main] BeverageDAOImpl - Beverages successfully loaded from database
[INFO ] 2020-04-19 11:24:33.483 [main] OrderDAOImpl - Last ordernr loaded from database
[INFO ] 2020-04-19 11:24:33.519 [main] BeverageDAOImpl - Beverages successfully loaded from database
[INFO ] 2020-04-19 11:24:34.202 [main] OrderDAOImpl - Waiters successfully loaded from database
[INFO ] 2020-04-19 11:24:34.213 [main] OrderDAOImpl - Order added successfully!
[INFO ] 2020-04-19 11:24:34.216 [main] OrderDAOImpl - Order added successfully!
[INFO ] 2020-04-19 11:24:34.782 [main] OrderDAOImpl - Orders successfully loaded from database
[INFO ] 2020-04-19 11:24:34.799 [main] OrderDAOImpl - 2 order deleted
[INFO ] 2020-04-19 11:24:34.808 [main] WaiterDAOImpl - Waiters successfully loaded from database
[INFO ] 2020-04-19 11:24:35.391 [main] OrderDAOImpl - Waiters successfully loaded from database
[INFO ] 2020-04-19 12:22:58.230 [main] OrderDAOImpl - Waiters successfully loaded from database
[INFO ] 2020-04-19 12:39:33.887 [main] OrderDAOImpl - Waiters successfully loaded from database
[INFO ] 2020-04-19 12:42:47.834 [main] OrderDAOImpl - Waiters successfully loaded from database
[INFO ] 2020-04-19 12:43:36.242 [main] OrderDAOImpl - Waiters successfully loaded from database
[INFO ] 2020-04-19 12:46:39.958 [main] OrderDAOImpl - Waiters successfully loaded from database
[INFO ] 2020-04-19 12:47:44.254 [main] OrderDAOImpl - Waiters successfully loaded from database
[INFO ] 2020-04-19 12:56:59.863 [main] OrderDAOImpl - Waiters successfully loaded from database
[INFO ] 2020-04-19 13:00:08.760 [main] OrderDAOImpl - Waiters successfully loaded from database
